[debug] [2024-01-22T13:39:45.193Z] ----------------------------------------------------------------------
[debug] [2024-01-22T13:39:45.195Z] Command:       /home/jonne/.nvm/versions/node/v20.11.0/bin/node /home/jonne/.nvm/versions/node/v20.11.0/bin/firebase init
[debug] [2024-01-22T13:39:45.196Z] CLI Version:   13.0.3
[debug] [2024-01-22T13:39:45.196Z] Platform:      linux
[debug] [2024-01-22T13:39:45.196Z] Node Version:  v20.11.0
[debug] [2024-01-22T13:39:45.196Z] Time:          Mon Jan 22 2024 15:39:45 GMT+0200 (Eastern European Standard Time)
[debug] [2024-01-22T13:39:45.196Z] ----------------------------------------------------------------------
[debug] 
[debug] [2024-01-22T13:39:45.267Z] > command requires scopes: ["email","openid","https://www.googleapis.com/auth/cloudplatformprojects.readonly","https://www.googleapis.com/auth/firebase","https://www.googleapis.com/auth/cloud-platform"]
[debug] [2024-01-22T13:39:45.268Z] > authorizing via signed-in user (jriepponen@gmail.com)
[info] 
     ######## #### ########  ######## ########     ###     ######  ########
     ##        ##  ##     ## ##       ##     ##  ##   ##  ##       ##
     ######    ##  ########  ######   ########  #########  ######  ######
     ##        ##  ##    ##  ##       ##     ## ##     ##       ## ##
     ##       #### ##     ## ######## ########  ##     ##  ######  ########

You're about to initialize a Firebase project in this directory:

  /home/jonne/Desktop/Dev/my-notes-app

Before we get started, keep in mind:

  * You are initializing within an existing Firebase project directory

[info] 
=== Project Setup
[info] 
[info] First, let's associate this project directory with a Firebase project.
[info] You can create multiple project aliases by running firebase use --add, 
[info] but for now we'll just set up a default project.
[info] 
[debug] [2024-01-22T13:40:13.460Z] Using project from CLI flag: mutsinmuisti
[debug] [2024-01-22T13:40:13.462Z] >>> [apiv2][query] GET https://firebase.googleapis.com/v1beta1/projects/mutsinmuisti [none]
[debug] [2024-01-22T13:40:14.186Z] <<< [apiv2][status] GET https://firebase.googleapis.com/v1beta1/projects/mutsinmuisti 200
[debug] [2024-01-22T13:40:14.187Z] <<< [apiv2][body] GET https://firebase.googleapis.com/v1beta1/projects/mutsinmuisti {"projectId":"mutsinmuisti","projectNumber":"667765497681","displayName":"MutsinMuisti","name":"projects/mutsinmuisti","resources":{"hostingSite":"mutsinmuisti","realtimeDatabaseInstance":"mutsinmuisti-default-rtdb"},"state":"ACTIVE","etag":"1_d0b3c6f1-d702-436e-b870-7a6a571e0950"}
[info] i  Using project mutsinmuisti (MutsinMuisti) 
[info] 
=== Database Setup
[info] i  database: ensuring required API firebasedatabase.googleapis.com is enabled... 
[debug] [2024-01-22T13:40:14.192Z] >>> [apiv2][query] GET https://serviceusage.googleapis.com/v1/projects/mutsinmuisti/services/firebasedatabase.googleapis.com [none]
[debug] [2024-01-22T13:40:14.192Z] >>> [apiv2][(partial)header] GET https://serviceusage.googleapis.com/v1/projects/mutsinmuisti/services/firebasedatabase.googleapis.com x-goog-quota-user=projects/mutsinmuisti
[debug] [2024-01-22T13:40:15.195Z] <<< [apiv2][status] GET https://serviceusage.googleapis.com/v1/projects/mutsinmuisti/services/firebasedatabase.googleapis.com 200
[debug] [2024-01-22T13:40:15.199Z] <<< [apiv2][body] GET https://serviceusage.googleapis.com/v1/projects/mutsinmuisti/services/firebasedatabase.googleapis.com [omitted]
[info] ✔  database: required API firebasedatabase.googleapis.com is enabled 
[info] 
[debug] [2024-01-22T13:40:15.200Z] >>> [apiv2][query] GET https://firebasedatabase.googleapis.com/v1beta/projects/mutsinmuisti/locations/-/instances/mutsinmuisti-default-rtdb [none]
[debug] [2024-01-22T13:40:16.231Z] <<< [apiv2][status] GET https://firebasedatabase.googleapis.com/v1beta/projects/mutsinmuisti/locations/-/instances/mutsinmuisti-default-rtdb 200
[debug] [2024-01-22T13:40:16.236Z] <<< [apiv2][body] GET https://firebasedatabase.googleapis.com/v1beta/projects/mutsinmuisti/locations/-/instances/mutsinmuisti-default-rtdb {"name":"projects/667765497681/locations/europe-west1/instances/mutsinmuisti-default-rtdb","project":"projects/667765497681","databaseUrl":"https://mutsinmuisti-default-rtdb.europe-west1.firebasedatabase.app","type":"DEFAULT_DATABASE","state":"ACTIVE"}
[info] 
[info] Firebase Realtime Database Security Rules allow you to define how your data should be
[info] structured and when your data can be read from and written to.
[info] 
[debug] [2024-01-22T13:40:21.308Z] >>> [apiv2][query] GET https://mutsinmuisti-default-rtdb.europe-west1.firebasedatabase.app/.settings/rules.json [none]
[debug] [2024-01-22T13:40:21.528Z] <<< [apiv2][status] GET https://mutsinmuisti-default-rtdb.europe-west1.firebasedatabase.app/.settings/rules.json 200
[debug] [2024-01-22T13:40:21.532Z] <<< [apiv2][body] GET https://mutsinmuisti-default-rtdb.europe-west1.firebasedatabase.app/.settings/rules.json [stream]
[info] ✔  Database Rules for mutsinmuisti-default-rtdb have been written to database.rules.json. 
[info] Future modifications to database.rules.json will update Realtime Database Security Rules when you run
[info] firebase deploy.
[info] 
=== Hosting Setup
[debug] [2024-01-22T13:40:21.545Z] >>> [apiv2][query] GET https://firebase.googleapis.com/v1beta1/projects/mutsinmuisti [none]
[debug] [2024-01-22T13:40:21.796Z] <<< [apiv2][status] GET https://firebase.googleapis.com/v1beta1/projects/mutsinmuisti 200
[debug] [2024-01-22T13:40:21.797Z] <<< [apiv2][body] GET https://firebase.googleapis.com/v1beta1/projects/mutsinmuisti {"projectId":"mutsinmuisti","projectNumber":"667765497681","displayName":"MutsinMuisti","name":"projects/mutsinmuisti","resources":{"hostingSite":"mutsinmuisti","realtimeDatabaseInstance":"mutsinmuisti-default-rtdb"},"state":"ACTIVE","etag":"1_d0b3c6f1-d702-436e-b870-7a6a571e0950"}
[info] 
[info] Your public directory is the folder (relative to your project directory) that
[info] will contain Hosting assets to be uploaded with firebase deploy. If you
[info] have a build process for your assets, use your build's output directory.
[info] 
[debug] [2024-01-22T13:40:56.963Z] >>> [apiv2][query] GET https://www.gstatic.com/firebasejs/releases.json [none]
[debug] [2024-01-22T13:40:57.035Z] <<< [apiv2][status] GET https://www.gstatic.com/firebasejs/releases.json 200
[debug] [2024-01-22T13:40:57.035Z] <<< [apiv2][body] GET https://www.gstatic.com/firebasejs/releases.json {"current":{"version":"10.7.2","browserURL":"https://www.gstatic.com/firebasejs/10.7.2/firebase.js","packageURL":"https://www.gstatic.com/firebasejs/10.7.2/firebase.tgz"},"live":{"version":"10.7","browserURL":"https://www.gstatic.com/firebasejs/live/10.7/firebase.js","packageURL":"https://www.gstatic.com/firebasejs/live/10.7/firebase.tgz"},"components":{"analytics":"https://www.gstatic.com/firebasejs/10.7.2/firebase-analytics.js","app":"https://www.gstatic.com/firebasejs/10.7.2/firebase-app.js","app-check":"https://www.gstatic.com/firebasejs/10.7.2/firebase-app-check.js","auth":"https://www.gstatic.com/firebasejs/10.7.2/firebase-auth.js","auth/cordova":"https://www.gstatic.com/firebasejs/10.7.2/firebase-auth/cordova.js","functions":"https://www.gstatic.com/firebasejs/10.7.2/firebase-functions.js","firestore":"https://www.gstatic.com/firebasejs/10.7.2/firebase-firestore.js","firestore/lite":"https://www.gstatic.com/firebasejs/10.7.2/firebase-firestore/lite.js","installations":"https://www.gstatic.com/firebasejs/10.7.2/firebase-installations.js","storage":"https://www.gstatic.com/firebasejs/10.7.2/firebase-storage.js","performance":"https://www.gstatic.com/firebasejs/10.7.2/firebase-performance.js","remote-config":"https://www.gstatic.com/firebasejs/10.7.2/firebase-remote-config.js","messaging":"https://www.gstatic.com/firebasejs/10.7.2/firebase-messaging.js","messaging/sw":"https://www.gstatic.com/firebasejs/10.7.2/firebase-messaging/sw.js","database":"https://www.gstatic.com/firebasejs/10.7.2/firebase-database.js","firestore.memory":"https://www.gstatic.com/firebasejs/10.7.2/firebase-firestore.memory.js"}}
[info] ✔  Wrote build/index.html 
[info] 
[info] i  Detected a .git folder at /home/jonne/Desktop/Dev/my-notes-app 
[info] i  Authorizing with GitHub to upload your service account to a GitHub repository's secrets store. 
[info] 
[info] Visit this URL on this device to log in:
[info] https://github.com/login/oauth/authorize?client_id=89cf50f02ac6aaed3484&state=765718922&redirect_uri=http%3A%2F%2Flocalhost%3A9005&scope=read%3Auser%20repo%20public_repo
[info] 
[info] Waiting for authentication...
[debug] [2024-01-22T13:41:23.150Z] >>> [apiv2][query] POST https://github.com/login/oauth/access_token [none]
[debug] [2024-01-22T13:41:23.157Z] >>> [apiv2][body] POST https://github.com/login/oauth/access_token [stream]
[debug] [2024-01-22T13:41:23.922Z] <<< [apiv2][status] POST https://github.com/login/oauth/access_token 200
[debug] [2024-01-22T13:41:23.923Z] <<< [apiv2][body] POST https://github.com/login/oauth/access_token {"access_token":"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","token_type":"bearer","scope":"read:user,repo"}
[debug] [2024-01-22T13:41:23.970Z] >>> [apiv2][query] GET https://api.github.com/user [none]
[debug] [2024-01-22T13:41:24.540Z] <<< [apiv2][status] GET https://api.github.com/user 200
[debug] [2024-01-22T13:41:24.541Z] <<< [apiv2][body] GET https://api.github.com/user {"login":"JRone-git","id":117917255,"node_id":"U_kgDOBwdGRw","avatar_url":"https://avatars.githubusercontent.com/u/117917255?v=4","gravatar_id":"","url":"https://api.github.com/users/JRone-git","html_url":"https://github.com/JRone-git","followers_url":"https://api.github.com/users/JRone-git/followers","following_url":"https://api.github.com/users/JRone-git/following{/other_user}","gists_url":"https://api.github.com/users/JRone-git/gists{/gist_id}","starred_url":"https://api.github.com/users/JRone-git/starred{/owner}{/repo}","subscriptions_url":"https://api.github.com/users/JRone-git/subscriptions","organizations_url":"https://api.github.com/users/JRone-git/orgs","repos_url":"https://api.github.com/users/JRone-git/repos","events_url":"https://api.github.com/users/JRone-git/events{/privacy}","received_events_url":"https://api.github.com/users/JRone-git/received_events","type":"User","site_admin":false,"name":"Jonne Riepponen","company":null,"blog":"","location":null,"email":null,"hireable":null,"bio":null,"twitter_username":null,"public_repos":23,"public_gists":0,"followers":0,"following":0,"created_at":"2022-11-10T13:05:15Z","updated_at":"2024-01-22T13:41:18Z","private_gists":5,"total_private_repos":12,"owned_private_repos":12,"disk_usage":17930,"collaborators":0,"two_factor_authentication":false,"plan":{"name":"free","space":976562499,"collaborators":0,"private_repos":10000}}
[info] 
[info] ✔  Success! Logged into GitHub as JRone-git 
[info] 
[debug] [2024-01-22T13:41:35.339Z] >>> [apiv2][query] GET https://api.github.com/repos/user/actions/secrets/public-key type=owner
[debug] [2024-01-22T13:41:35.895Z] <<< [apiv2][status] GET https://api.github.com/repos/user/actions/secrets/public-key 404
[debug] [2024-01-22T13:41:35.896Z] <<< [apiv2][body] GET https://api.github.com/repos/user/actions/secrets/public-key {"message":"Not Found","documentation_url":"https://docs.github.com/rest"}
[info] 
[info] 
[error] ⚠  The provided authorization cannot be used with this repository. If this repository is in an organization, did you remember to grant access? 
[info] 
[info] i  Action required: Visit this URL to ensure access has been granted to the appropriate organization(s) for the Firebase CLI GitHub OAuth App: 
[info] https://github.com/settings/connections/applications/89cf50f02ac6aaed3484
[info] 
[debug] [2024-01-22T13:41:39.599Z] >>> [apiv2][query] GET https://api.github.com/repos/user/actions/secrets/public-key type=owner
[debug] [2024-01-22T13:41:39.785Z] <<< [apiv2][status] GET https://api.github.com/repos/user/actions/secrets/public-key 404
[debug] [2024-01-22T13:41:39.791Z] <<< [apiv2][body] GET https://api.github.com/repos/user/actions/secrets/public-key {"message":"Not Found","documentation_url":"https://docs.github.com/rest"}
[info] 
[info] 
[error] ⚠  The provided authorization cannot be used with this repository. If this repository is in an organization, did you remember to grant access? 
[info] 
[info] i  Action required: Visit this URL to ensure access has been granted to the appropriate organization(s) for the Firebase CLI GitHub OAuth App: 
[info] https://github.com/settings/connections/applications/89cf50f02ac6aaed3484
[info] 
[debug] [2024-01-22T13:41:43.394Z] >>> [apiv2][query] GET https://api.github.com/repos/useruser/actions/secrets/public-key type=owner
[debug] [2024-01-22T13:41:43.883Z] <<< [apiv2][status] GET https://api.github.com/repos/useruser/actions/secrets/public-key 404
[debug] [2024-01-22T13:41:43.890Z] <<< [apiv2][body] GET https://api.github.com/repos/useruser/actions/secrets/public-key {"message":"Not Found","documentation_url":"https://docs.github.com/rest"}
[info] 
[info] 
[error] ⚠  The provided authorization cannot be used with this repository. If this repository is in an organization, did you remember to grant access? 
[info] 
[info] i  Action required: Visit this URL to ensure access has been granted to the appropriate organization(s) for the Firebase CLI GitHub OAuth App: 
[info] https://github.com/settings/connections/applications/89cf50f02ac6aaed3484
[info] 
